<?xml version="1.0" encoding="UTF-8"?>
<!-- Generated by org.testng.reporters.JUnitReportReporter -->
<testsuite hostname="Hammids-MBP" name="sample.SampleTestsIT" tests="5" failures="0" timestamp="4 May 2018 03:22:52 GMT" time="317.918" errors="0">
  <testcase name="sampleTest" time="22.325" classname="sample.SampleTestsIT"/>
  <testcase name="sampleTestWDataProvider" time="61.816" classname="sample.SampleTestsIT"/>
  <testcase name="sampleTestWDataProvider" time="64.425" classname="sample.SampleTestsIT"/>
  <testcase name="sampleTestWDataProvider" time="90.717" classname="sample.SampleTestsIT"/>
  <testcase name="sampleTestWDataProvider" time="78.635" classname="sample.SampleTestsIT"/>
</testsuite> <!-- sample.SampleTestsIT -->
